#
# A fatal error has been detected by the Java Runtime Environment:
#
#  EXCEPTION_ACCESS_VIOLATION (0xc0000005) at pc=0x0000000077587374, pid=12752, tid=0x000000000000309c
#
# JRE version: Java(TM) SE Runtime Environment (8.0_231-b11) (build 1.8.0_231-b11)
# Java VM: Java HotSpot(TM) 64-Bit Server VM (25.231-b11 mixed mode windows-amd64 compressed oops)
# Problematic frame:
# V  [jvm.dll+0xf7374]
#
# Failed to write core dump. Minidumps are not enabled by default on client versions of Windows
#
# If you would like to submit a bug report, please visit:
#   http://bugreport.java.com/bugreport/crash.jsp
#

---------------  T H R E A D  ---------------

Current thread (0x00000000179e7800):  VMThread [stack: 0x0000000018a80000,0x0000000018b80000] [id=12444]

siginfo: ExceptionCode=0xc0000005, reading address 0x0000000017651910

Registers:
RAX=0x0000000000194060, RBX=0x00000000174bd328, RCX=0x00000000174bd8a0, RDX=0x000000000000ca03
RSP=0x0000000018b7f338, RBP=0x0000000000000042, RSI=0x0000000018b7f620, RDI=0x0000000018b7f620
R8 =0x0000000000000000, R9 =0x00000000174bd328, R10=0x000000000000ca03, R11=0x00000000174bd782
R12=0x0000000000000001, R13=0x0000000000000001, R14=0x00000000000003d8, R15=0x0000000018b7f440
RIP=0x0000000077587374, EFLAGS=0x0000000000010206

Top of Stack: (sp=0x0000000018b7f338)
0x0000000018b7f338:   000000007758f3ec 0000000018b7f620
0x0000000018b7f348:   0000000002ea08da 0000000000000035
0x0000000018b7f358:   0000000077590159 0000000018b7f608
0x0000000018b7f368:   00000000174bd818 0000000046000025
0x0000000018b7f378:   0000000018b7f3e0 0000cc293bcd6295
0x0000000018b7f388:   000000007758fa02 0000000018b7f450
0x0000000018b7f398:   0000000000000001 0000000018b7f460
0x0000000018b7f3a8:   0000000018b7f620 0000000018b7f490
0x0000000018b7f3b8:   0000000077592630 0000000000000042
0x0000000018b7f3c8:   0000000000000042 000000000000004c
0x0000000018b7f3d8:   000000007758f886 0000000000000042
0x0000000018b7f3e8:   0000000018b7f490 0000000018b7f450
0x0000000018b7f3f8:   000000000000004c 00000000174bd818
0x0000000018b7f408:   000000007759318f 0000000018b7f620
0x0000000018b7f418:   0000000018b7f490 00000000178f54e8
0x0000000018b7f428:   00000000174bd818 0000000000000007 

Instructions: (pc=0x0000000077587374)
0x0000000077587354:   18 f7 d2 48 63 c2 48 c1 e0 05 48 8b 44 08 10 0f
0x0000000077587364:   b7 c0 41 0f b7 44 c1 52 c3 48 63 c2 48 c1 e0 05
0x0000000077587374:   48 8b 44 08 10 0f b7 d0 48 63 c2 41 0f b7 44 c1
0x0000000077587384:   52 c3 49 8b 41 08 48 63 ca 0f b6 44 08 04 3c 12 


Register to memory mapping:

RAX=0x0000000000194060 is an unknown value
RBX=0x00000000174bd328 is pointing into metadata
RCX=0x00000000174bd8a0 is pointing into metadata
RDX=0x000000000000ca03 is an unknown value
RSP=0x0000000018b7f338 is an unknown value
RBP=0x0000000000000042 is an unknown value
RSI=0x0000000018b7f620 is an unknown value
RDI=0x0000000018b7f620 is an unknown value
R8 =0x0000000000000000 is an unknown value
R9 =0x00000000174bd328 is pointing into metadata
R10=0x000000000000ca03 is an unknown value
R11=0x00000000174bd782 is pointing into metadata
R12=0x0000000000000001 is an unknown value
R13=0x0000000000000001 is an unknown value
R14=0x00000000000003d8 is an unknown value
R15=0x0000000018b7f440 is an unknown value


Stack: [0x0000000018a80000,0x0000000018b80000],  sp=0x0000000018b7f338,  free space=1020k
Native frames: (J=compiled Java code, j=interpreted, Vv=VM code, C=native code)
V  [jvm.dll+0xf7374]

VM_Operation (0x00000000194bf390): GetOrSetLocal, mode: safepoint, requested by thread 0x0000000017a29000


---------------  P R O C E S S  ---------------

Java Threads: ( => current thread )
  0x0000000019759000 JavaThread "Service Thread" daemon [_thread_blocked, id=4088, stack(0x0000000019dc0000,0x0000000019ec0000)]
  0x000000001975f000 JavaThread "C1 CompilerThread2" daemon [_thread_blocked, id=2652, stack(0x0000000019cc0000,0x0000000019dc0000)]
  0x000000001975e000 JavaThread "C2 CompilerThread1" daemon [_thread_blocked, id=13884, stack(0x0000000019bc0000,0x0000000019cc0000)]
  0x000000001975d800 JavaThread "C2 CompilerThread0" daemon [_thread_blocked, id=13444, stack(0x0000000019ac0000,0x0000000019bc0000)]
  0x0000000017a39000 JavaThread "JDWP Command Reader" daemon [_thread_in_native, id=13984, stack(0x00000000195c0000,0x00000000196c0000)]
  0x0000000017a38000 JavaThread "JDWP Event Helper Thread" daemon [_thread_blocked, id=13976, stack(0x00000000194c0000,0x00000000195c0000)]
  0x0000000017a29000 JavaThread "JDWP Transport Listener: dt_socket" daemon [_thread_blocked, id=13784, stack(0x00000000193c0000,0x00000000194c0000)]
  0x0000000017a1f800 JavaThread "Attach Listener" daemon [_thread_blocked, id=4228, stack(0x0000000018f80000,0x0000000019080000)]
  0x0000000017a1e800 JavaThread "Signal Dispatcher" daemon [_thread_blocked, id=5816, stack(0x0000000018e80000,0x0000000018f80000)]
  0x0000000017a0a000 JavaThread "Finalizer" daemon [_thread_blocked, id=11412, stack(0x0000000018c80000,0x0000000018d80000)]
  0x00000000179e8800 JavaThread "Reference Handler" daemon [_thread_blocked, id=7720, stack(0x0000000018b80000,0x0000000018c80000)]
  0x0000000002da2800 JavaThread "main" [_thread_blocked, id=3228, stack(0x0000000002b30000,0x0000000002c30000)]

Other Threads:
=>0x00000000179e7800 VMThread [stack: 0x0000000018a80000,0x0000000018b80000] [id=12444]
  0x0000000019880800 WatcherThread [stack: 0x0000000019ec0000,0x0000000019fc0000] [id=14080]

VM state:at safepoint (normal execution)

VM Mutex/Monitor currently owned by a thread:  ([mutex/lock_event])
[0x0000000002aee780] Threads_lock - owner thread: 0x00000000179e7800

heap address: 0x0000000081200000, size: 2030 MB, Compressed Oops mode: 32-bit
Narrow klass base: 0x0000000000000000, Narrow klass shift: 3
Compressed class space size: 1073741824 Address: 0x0000000100000000

Heap:
 PSYoungGen      total 38400K, used 6681K [0x00000000d5b80000, 0x00000000d8600000, 0x0000000100000000)
  eden space 33280K, 20% used [0x00000000d5b80000,0x00000000d6206520,0x00000000d7c00000)
  from space 5120K, 0% used [0x00000000d8100000,0x00000000d8100000,0x00000000d8600000)
  to   space 5120K, 0% used [0x00000000d7c00000,0x00000000d7c00000,0x00000000d8100000)
 ParOldGen       total 87552K, used 0K [0x0000000081200000, 0x0000000086780000, 0x00000000d5b80000)
  object space 87552K, 0% used [0x0000000081200000,0x0000000081200000,0x0000000086780000)
 Metaspace       used 5416K, capacity 5532K, committed 5760K, reserved 1056768K
  class space    used 600K, capacity 627K, committed 640K, reserved 1048576K

Card table byte_map: [0x0000000012260000,0x0000000012660000] byte_map_base: 0x0000000011e57000

Marking Bits: (ParMarkBitMap*) 0x0000000077cb6d90
 Begin Bits: [0x0000000012d10000, 0x0000000014cc8000)
 End Bits:   [0x0000000014cc8000, 0x0000000016c80000)

Polling page: 0x00000000011f0000

CodeCache: size=245760Kb used=1459Kb max_used=1459Kb free=244300Kb
 bounds [0x0000000002ea0000, 0x0000000003110000, 0x0000000011ea0000]
 total_blobs=465 nmethods=170 adapters=216
 compilation: enabled

Compilation events (10 events):
Event: 126.396 Thread 0x000000001975f000  166       3       org.eclipse.jdt.launching.internal.org.objectweb.asm.SymbolTable::addConstantUtf8Reference (101 bytes)
Event: 126.398 Thread 0x000000001975f000 nmethod 166 0x0000000003009c50 code [0x0000000003009e40, 0x000000000300a718]
Event: 126.398 Thread 0x000000001975f000  167       3       org.eclipse.jdt.launching.internal.org.objectweb.asm.ByteVector::putShort (52 bytes)
Event: 126.398 Thread 0x000000001975f000 nmethod 167 0x000000000300ab50 code [0x000000000300acc0, 0x000000000300af28]
Event: 147.182 Thread 0x000000001975f000  168       3       org.eclipse.jdt.launching.internal.org.objectweb.asm.ByteVector::putUTF8 (144 bytes)
Event: 147.183 Thread 0x000000001975f000 nmethod 168 0x000000000300b090 code [0x000000000300b280, 0x000000000300bb38]
Event: 206.847 Thread 0x000000001975f000  169       3       org.eclipse.jdt.launching.internal.org.objectweb.asm.ClassReader::readClass (7 bytes)
Event: 206.848 Thread 0x000000001975f000 nmethod 169 0x000000000300c090 code [0x000000000300c220, 0x000000000300c728]
Event: 206.848 Thread 0x000000001975f000  170       3       org.eclipse.jdt.launching.internal.org.objectweb.asm.ClassReader::readStringish (16 bytes)
Event: 206.849 Thread 0x000000001975f000 nmethod 170 0x000000000300cb90 code [0x000000000300cd20, 0x000000000300d1c8]

GC Heap History (0 events):
No events

Deoptimization events (0 events):
No events

Classes redefined (6 events):
Event: 109.373 Thread 0x00000000179e7800 redefined class name=Java02, count=1
Event: 126.397 Thread 0x00000000179e7800 redefined class name=Java02, count=2
Event: 147.183 Thread 0x00000000179e7800 redefined class name=Java02, count=3
Event: 163.674 Thread 0x00000000179e7800 redefined class name=Java02, count=4
Event: 171.259 Thread 0x00000000179e7800 redefined class name=Java02, count=5
Event: 206.848 Thread 0x00000000179e7800 redefined class name=Java02, count=6

Internal exceptions (6 events):
Event: 0.039 Thread 0x0000000002da2800 Exception <a 'java/lang/NoSuchMethodError': Method sun.misc.Unsafe.defineClass(Ljava/lang/String;[BII)Ljava/lang/Class; name or signature does not match> (0x00000000d5b87cb8) thrown at [C:\re\workspace\8-2-build-windows-amd64-cygwin\jdk8u231\13620\hotspot
Event: 0.039 Thread 0x0000000002da2800 Exception <a 'java/lang/NoSuchMethodError': Method sun.misc.Unsafe.prefetchRead(Ljava/lang/Object;J)V name or signature does not match> (0x00000000d5b87fa0) thrown at [C:\re\workspace\8-2-build-windows-amd64-cygwin\jdk8u231\13620\hotspot\src\share\vm\prim
Event: 0.336 Thread 0x0000000002da2800 Exception <a 'java/security/PrivilegedActionException'> (0x00000000d6155a08) thrown at [C:\re\workspace\8-2-build-windows-amd64-cygwin\jdk8u231\13620\hotspot\src\share\vm\prims\jvm.cpp, line 1502]
Event: 0.336 Thread 0x0000000002da2800 Exception <a 'java/security/PrivilegedActionException'> (0x00000000d6155e00) thrown at [C:\re\workspace\8-2-build-windows-amd64-cygwin\jdk8u231\13620\hotspot\src\share\vm\prims\jvm.cpp, line 1502]
Event: 0.337 Thread 0x0000000002da2800 Exception <a 'java/security/PrivilegedActionException'> (0x00000000d6159c58) thrown at [C:\re\workspace\8-2-build-windows-amd64-cygwin\jdk8u231\13620\hotspot\src\share\vm\prims\jvm.cpp, line 1502]
Event: 0.337 Thread 0x0000000002da2800 Exception <a 'java/security/PrivilegedActionException'> (0x00000000d615a050) thrown at [C:\re\workspace\8-2-build-windows-amd64-cygwin\jdk8u231\13620\hotspot\src\share\vm\prims\jvm.cpp, line 1502]

Events (10 events):
Event: 206.852 Executing VM operation: ChangeBreakpoints done
Event: 206.987 Executing VM operation: GetOwnedMonitorInfo
Event: 206.987 Executing VM operation: GetOwnedMonitorInfo done
Event: 206.987 Executing VM operation: GetCurrentContendedMonitor
Event: 206.987 Executing VM operation: GetCurrentContendedMonitor done
Event: 208.065 Executing VM operation: GetCurrentContendedMonitor
Event: 208.065 Executing VM operation: GetCurrentContendedMonitor done
Event: 208.065 Executing VM operation: GetOwnedMonitorInfo
Event: 208.065 Executing VM operation: GetOwnedMonitorInfo done
Event: 219.086 Executing VM operation: GetOrSetLocal


Dynamic libraries:
0x00007ff74e030000 - 0x00007ff74e067000 	C:\Program Files\Java\jre1.8.0_231\bin\javaw.exe
0x00007fff3f540000 - 0x00007fff3f730000 	C:\WINDOWS\SYSTEM32\ntdll.dll
0x00007fff3ef80000 - 0x00007fff3f032000 	C:\WINDOWS\System32\KERNEL32.DLL
0x00007fff3d130000 - 0x00007fff3d3d3000 	C:\WINDOWS\System32\KERNELBASE.dll
0x00007fff3f450000 - 0x00007fff3f4f3000 	C:\WINDOWS\System32\ADVAPI32.dll
0x00007fff3f0b0000 - 0x00007fff3f14e000 	C:\WINDOWS\System32\msvcrt.dll
0x00007fff3e160000 - 0x00007fff3e1f7000 	C:\WINDOWS\System32\sechost.dll
0x00007fff3f1f0000 - 0x00007fff3f310000 	C:\WINDOWS\System32\RPCRT4.dll
0x00007fff3e200000 - 0x00007fff3e394000 	C:\WINDOWS\System32\USER32.dll
0x00007fff3d5c0000 - 0x00007fff3d5e1000 	C:\WINDOWS\System32\win32u.dll
0x00007fff3f080000 - 0x00007fff3f0a6000 	C:\WINDOWS\System32\GDI32.dll
0x00007fff3cf20000 - 0x00007fff3d0b4000 	C:\WINDOWS\System32\gdi32full.dll
0x00007fff3c4d0000 - 0x00007fff3c56e000 	C:\WINDOWS\System32\msvcp_win.dll
0x00007fff3d440000 - 0x00007fff3d53a000 	C:\WINDOWS\System32\ucrtbase.dll
0x00007fff1c120000 - 0x00007fff1c3a5000 	C:\WINDOWS\WinSxS\amd64_microsoft.windows.common-controls_6595b64144ccf1df_6.0.18362.592_none_e6c0b1911312be02\COMCTL32.dll
0x00007fff3d670000 - 0x00007fff3d9a6000 	C:\WINDOWS\System32\combase.dll
0x00007fff3d540000 - 0x00007fff3d5c0000 	C:\WINDOWS\System32\bcryptPrimitives.dll
0x00007fff3f040000 - 0x00007fff3f06e000 	C:\WINDOWS\System32\IMM32.DLL
0x0000000077230000 - 0x0000000077302000 	C:\Program Files\Java\jre1.8.0_231\bin\msvcr100.dll
0x0000000077490000 - 0x0000000077d36000 	C:\Program Files\Java\jre1.8.0_231\bin\server\jvm.dll
0x00007fff3f310000 - 0x00007fff3f318000 	C:\WINDOWS\System32\PSAPI.DLL
0x00007fff33020000 - 0x00007fff3302a000 	C:\WINDOWS\SYSTEM32\VERSION.dll
0x00007fff2ce90000 - 0x00007fff2ce99000 	C:\WINDOWS\SYSTEM32\WSOCK32.dll
0x00007fff30190000 - 0x00007fff301b4000 	C:\WINDOWS\SYSTEM32\WINMM.dll
0x00007fff3e3a0000 - 0x00007fff3e40f000 	C:\WINDOWS\System32\WS2_32.dll
0x00007fff2ff60000 - 0x00007fff2ff8d000 	C:\WINDOWS\SYSTEM32\WINMMBASE.dll
0x00007fff3d0e0000 - 0x00007fff3d12a000 	C:\WINDOWS\System32\cfgmgr32.dll
0x00007fff33840000 - 0x00007fff3384f000 	C:\Program Files\Java\jre1.8.0_231\bin\verify.dll
0x00007fff2cb30000 - 0x00007fff2cb59000 	C:\Program Files\Java\jre1.8.0_231\bin\java.dll
0x00007fff33fc0000 - 0x00007fff33ff5000 	C:\Program Files\Java\jre1.8.0_231\bin\jdwp.dll
0x00007fff36d30000 - 0x00007fff36d38000 	C:\Program Files\Java\jre1.8.0_231\bin\npt.dll
0x00007fff33f90000 - 0x00007fff33fb3000 	C:\Program Files\Java\jre1.8.0_231\bin\instrument.dll
0x00007fff2f470000 - 0x00007fff2f486000 	C:\Program Files\Java\jre1.8.0_231\bin\zip.dll
0x00007fff3e890000 - 0x00007fff3ef75000 	C:\WINDOWS\System32\SHELL32.dll
0x00007fff3da20000 - 0x00007fff3dac9000 	C:\WINDOWS\System32\shcore.dll
0x00007fff3c7a0000 - 0x00007fff3cf1f000 	C:\WINDOWS\System32\windows.storage.dll
0x00007fff3c460000 - 0x00007fff3c47f000 	C:\WINDOWS\System32\profapi.dll
0x00007fff3c480000 - 0x00007fff3c4ca000 	C:\WINDOWS\System32\powrprof.dll
0x00007fff3c410000 - 0x00007fff3c420000 	C:\WINDOWS\System32\UMPDC.dll
0x00007fff3f3f0000 - 0x00007fff3f442000 	C:\WINDOWS\System32\shlwapi.dll
0x00007fff3c420000 - 0x00007fff3c431000 	C:\WINDOWS\System32\kernel.appcore.dll
0x00007fff3d0c0000 - 0x00007fff3d0d7000 	C:\WINDOWS\System32\cryptsp.dll
0x00007fff36d20000 - 0x00007fff36d29000 	C:\Program Files\Java\jre1.8.0_231\bin\dt_socket.dll
0x00007fff36d70000 - 0x00007fff36d86000 	C:\WINDOWS\system32\napinsp.dll
0x00007fff36d50000 - 0x00007fff36d6a000 	C:\WINDOWS\system32\pnrpnsp.dll
0x00007fff3bc20000 - 0x00007fff3bc87000 	C:\WINDOWS\System32\mswsock.dll
0x00007fff3b970000 - 0x00007fff3ba3a000 	C:\WINDOWS\SYSTEM32\DNSAPI.dll
0x00007fff3e880000 - 0x00007fff3e888000 	C:\WINDOWS\System32\NSI.dll
0x00007fff3b930000 - 0x00007fff3b96a000 	C:\WINDOWS\SYSTEM32\IPHLPAPI.DLL
0x00007fff37530000 - 0x00007fff3753e000 	C:\WINDOWS\System32\winrnr.dll
0x00007fff37e40000 - 0x00007fff37e5c000 	C:\WINDOWS\system32\NLAapi.dll
0x00007fff388a0000 - 0x00007fff388b5000 	C:\WINDOWS\system32\wshbth.dll
0x00007fff34850000 - 0x00007fff348c7000 	C:\WINDOWS\System32\fwpuclnt.dll
0x00007fff3c620000 - 0x00007fff3c646000 	C:\WINDOWS\System32\bcrypt.dll
0x00007fff33c80000 - 0x00007fff33c8a000 	C:\Windows\System32\rasadhlp.dll
0x00007fff38120000 - 0x00007fff38314000 	C:\WINDOWS\SYSTEM32\dbghelp.dll

VM Arguments:
jvm_args: -agentlib:jdwp=transport=dt_socket,suspend=y,address=localhost:50519 -javaagent:C:\Users\Karinzaa\eclipse\java-2019-09\eclipse\configuration\org.eclipse.osgi\229\0\.cp\lib\javaagent-shaded.jar -Dfile.encoding=Cp1252 
java_command: Java02
java_class_path (initial): C:\Users\Karinzaa\Desktop\1913110449\JavaPrograming\LabSheet05\bin;C:\Users\Karinzaa\eclipse\java-2019-09\eclipse\configuration\org.eclipse.osgi\229\0\.cp\lib\javaagent-shaded.jar
Launcher Type: SUN_STANDARD

Environment Variables:
PATH=C:/Program Files/Java/jre1.8.0_231/bin/server;C:/Program Files/Java/jre1.8.0_231/bin;C:/Program Files/Java/jre1.8.0_231/lib/amd64;C:\Program Files (x86)\Python37-32\Scripts\;C:\Program Files (x86)\Python37-32\;C:\Program Files (x86)\Common Files\Oracle\Java\javapath;C:\WINDOWS\system32;C:\WINDOWS;C:\WINDOWS\System32\Wbem;C:\WINDOWS\System32\WindowsPowerShell\v1.0\;C:\WINDOWS\System32\OpenSSH\;C:\Program Files\Git\cmd;C:\Program Files\dotnet\;C:\Program Files\Microsoft SQL Server\130\Tools\Binn\;C:\Program Files\Microsoft SQL Server\Client SDK\ODBC\170\Tools\Binn\;C:\Program Files\PuTTY\;C:\Users\Karinzaa\AppData\Local\Microsoft\WindowsApps;;C:\Users\Karinzaa\AppData\Local\Programs\Microsoft VS Code\bin;C:\Users\Karinzaa\.dotnet\tools;C:\Users\Karinzaa\AppData\Local\Microsoft\WindowsApps;C:\Program Files (x86)\Nmap;C:\WINDOWS\system32;
USERNAME=Karinzaa
OS=Windows_NT
PROCESSOR_IDENTIFIER=Intel64 Family 6 Model 142 Stepping 9, GenuineIntel



---------------  S Y S T E M  ---------------

OS: Windows 10.0 , 64 bit Build 18362 (10.0.18362.329)

CPU:total 4 (initial active 4) (2 cores per cpu, 2 threads per core) family 6 model 142 stepping 9, cmov, cx8, fxsr, mmx, sse, sse2, sse3, ssse3, sse4.1, sse4.2, popcnt, avx, avx2, aes, clmul, erms, rtm, 3dnowpref, lzcnt, ht, tsc, tscinvbit, bmi1, bmi2, adx

Memory: 4k page, physical 8311944k(2092396k free), swap 15951900k(2331560k free)

vm_info: Java HotSpot(TM) 64-Bit Server VM (25.231-b11) for windows-amd64 JRE (1.8.0_231-b11), built on Oct  5 2019 03:11:30 by "java_re" with MS VC++ 10.0 (VS2010)

time: Thu Jan 16 09:43:08 2020
timezone: SE Asia Standard Time
elapsed time: 219 seconds (0d 0h 3m 39s)

